<?xml version="1.0" encoding="UTF-8"?>
<testsuite xmlns:xsi="http://www.w3.org/2001/XMLSchema-instance" xsi:noNamespaceSchemaLocation="https://maven.apache.org/surefire/maven-surefire-plugin/xsd/surefire-test-report.xsd" name="school.sptech.projeto1.heranca.ProdutoTest" time="0.001" tests="2" errors="0" skipped="0" failures="0">
  <properties>
[...]
</properties>
  <testcase name="getPrecoQuandoAcionadoEProdutoPossuiValor499999DeveRetornar499999" classname="school.sptech.projeto1.heranca.ProdutoTest" time="0"/>
  <testcase name="getPrecoQuandoAcionadoEProdutoPossuiValor0DeveRetornar0" classname="school.sptech.projeto1.heranca.ProdutoTest" time="0.001"/>
</testsuite>